<?xml version="1.0" encoding="UTF-8"?>
<!-- Generated by org.testng.reporters.JUnitXMLReporter -->
<testsuite ignored="1" hostname="DESKTOP-PRI1S77" failures="0" tests="1" name="Default test" time="30.977" errors="0" timestamp="2021-01-31T11:39:38 IST">
  <testcase classname="com.naukri.testcases.loginpagetest" name="loginWithFireFox" time="19.452"/>
  <testcase classname="com.naukri.testcases.loginpagetest" name="loginWithChrome" time="0.0">
    <ignored/>
  </testcase> <!-- loginWithChrome -->
</testsuite> <!-- Default test -->
