<?xml version="1.0" encoding="UTF-8"?>
<!-- Generated by org.testng.reporters.JUnitXMLReporter -->
<testsuite ignored="0" hostname="DESKTOP-PRI1S77" failures="1" tests="1" name="Test" time="0.834" errors="0" timestamp="2021-02-05T13:51:18 IST">
  <testcase classname="com.naukri.dataprovider.demo" name="loginWithChrome" time="0.014">
    <failure type="java.lang.AssertionError" message="expected [false] but found [true]">
      <![CDATA[java.lang.AssertionError: expected [false] but found [true]
at com.naukri.dataprovider.demo.loginWithChrome(demo.java:14)
at java.base/java.util.concurrent.FutureTask.run(FutureTask.java:264)
at java.base/java.util.concurrent.Executors$RunnableAdapter.call(Executors.java:515)
at java.base/java.util.concurrent.FutureTask.run(FutureTask.java:264)
at java.base/java.util.concurrent.ThreadPoolExecutor.runWorker(ThreadPoolExecutor.java:1128)
at java.base/java.util.concurrent.ThreadPoolExecutor$Worker.run(ThreadPoolExecutor.java:628)
at java.base/java.lang.Thread.run(Thread.java:830)
... Removed 13 stack frames]]>
    </failure>
  </testcase> <!-- loginWithChrome -->
</testsuite> <!-- Test -->
