<?xml version="1.0" encoding="UTF-8"?>
<testng-results ignored="0" total="1" passed="1" failed="0" skipped="0">
  <reporter-output>
  </reporter-output>
  <suite started-at="2021-02-05T14:21:33 IST" name="Default suite" finished-at="2021-02-05T14:21:36 IST" duration-ms="2516">
    <groups>
    </groups>
    <test started-at="2021-02-05T14:21:33 IST" name="Default test" finished-at="2021-02-05T14:21:36 IST" duration-ms="2516">
      <class name="com.naukri.extentreport.NaukriExtent">
        <test-method signature="extenttest()[pri:0, instance:com.naukri.extentreport.NaukriExtent@229d10bd]" started-at="2021-02-05T14:21:33 IST" name="extenttest" finished-at="2021-02-05T14:21:36 IST" duration-ms="2444" status="PASS">
          <reporter-output>
          </reporter-output>
        </test-method> <!-- extenttest -->
      </class> <!-- com.naukri.extentreport.NaukriExtent -->
    </test> <!-- Default test -->
  </suite> <!-- Default suite -->
</testng-results>
